#
# There is insufficient memory for the Java Runtime Environment to continue.
# Native memory allocation (mmap) failed to map 734003200 bytes for G1 virtual space
# Possible reasons:
#   The system is out of physical RAM or swap space
#   The process is running with CompressedOops enabled, and the Java Heap may be blocking the growth of the native heap
# Possible solutions:
#   Reduce memory load on the system
#   Increase physical memory or swap space
#   Check if swap backing store is full
#   Decrease Java heap size (-Xmx/-Xms)
#   Decrease number of Java threads
#   Decrease Java thread stack sizes (-Xss)
#   Set larger code cache with -XX:ReservedCodeCacheSize=
#   JVM is running with Zero Based Compressed Oops mode in which the Java heap is
#     placed in the first 32GB address space. The Java Heap base address is the
#     maximum limit for the native heap growth. Please use -XX:HeapBaseMinAddress
#     to set the Java Heap base and to place the Java Heap above 32GB virtual address.
# This output file may be truncated or incomplete.
#
#  Out of Memory Error (os_windows.cpp:3466), pid=9392, tid=6036
#
# JRE version: OpenJDK Runtime Environment Corretto-16.0.2.7.1 (16.0.2+7) (build 16.0.2+7)
# Java VM: OpenJDK 64-Bit Server VM Corretto-16.0.2.7.1 (16.0.2+7, mixed mode, sharing, tiered, compressed oops, compressed class ptrs, g1 gc, windows-amd64)
# No core dump will be written. Minidumps are not enabled by default on client versions of Windows
#

---------------  S U M M A R Y ------------

Command Line: --add-opens=java.base/java.util=ALL-UNNAMED --add-opens=java.base/java.lang=ALL-UNNAMED --add-opens=java.base/java.lang.invoke=ALL-UNNAMED --add-opens=java.base/java.util=ALL-UNNAMED --add-opens=java.prefs/java.util.prefs=ALL-UNNAMED --add-opens=java.prefs/java.util.prefs=ALL-UNNAMED --add-opens=java.base/java.nio.charset=ALL-UNNAMED --add-opens=java.base/java.net=ALL-UNNAMED --add-opens=java.base/java.util.concurrent.atomic=ALL-UNNAMED -Xmx3G -Dfile.encoding=windows-1252 -Duser.country=US -Duser.language=en -Duser.variant org.gradle.launcher.daemon.bootstrap.GradleDaemon 7.1.1

Host: AMD Athlon Silver 3050U with Radeon Graphics   , 2 cores, 3G,  Windows 10 , 64 bit Build 19041 (10.0.19041.1202)
Time: Sun Oct 24 16:25:35 2021 Central Daylight Time elapsed time: 140.042099 seconds (0d 0h 2m 20s)

---------------  T H R E A D  ---------------

Current thread (0x000001f892b61f10):  VMThread "VM Thread" [stack: 0x0000001c1bb00000,0x0000001c1bc00000] [id=6036]

Stack: [0x0000001c1bb00000,0x0000001c1bc00000]
Native frames: (J=compiled Java code, j=interpreted, Vv=VM code, C=native code)
V  [jvm.dll+0x647e0a]
V  [jvm.dll+0x7f0549]
V  [jvm.dll+0x7f1cfe]
V  [jvm.dll+0x7f2343]
V  [jvm.dll+0x23dd88]
V  [jvm.dll+0x644b4a]
V  [jvm.dll+0x639795]
V  [jvm.dll+0x2f66f9]
V  [jvm.dll+0x2fd516]
V  [jvm.dll+0x34999a]
V  [jvm.dll+0x349bdf]
V  [jvm.dll+0x2cc918]
V  [jvm.dll+0x2ca841]
V  [jvm.dll+0x2c9e6c]
V  [jvm.dll+0x30e642]
V  [jvm.dll+0x7f66fb]
V  [jvm.dll+0x7f72f8]
V  [jvm.dll+0x7f77fd]
V  [jvm.dll+0x7f7ac4]
V  [jvm.dll+0x7f7b8e]
V  [jvm.dll+0x7a223a]
V  [jvm.dll+0x646c46]
C  [ucrtbase.dll+0x21bb2]
C  [KERNEL32.DLL+0x17034]
C  [ntdll.dll+0x52651]

VM_Operation (0x0000001c1cff51a0): G1CollectForAllocation, mode: safepoint, requested by thread 0x000001f8b6134b10


---------------  P R O C E S S  ---------------

Threads class SMR info:
_java_thread_list=0x000001f8bada53c0, length=61, elements={
0x000001f892a933b0, 0x000001f892b67210, 0x000001f892b67fe0, 0x000001f892b7b750,
0x000001f892b7d3d0, 0x000001f892b7dce0, 0x000001f892b7e5f0, 0x000001f8b55d0290,
0x000001f8b563d700, 0x000001f8b5644430, 0x000001f8b6064980, 0x000001f8b60716d0,
0x000001f8b61d5cf0, 0x000001f8b6ceba20, 0x000001f8b61d3510, 0x000001f8b6f2dab0,
0x000001f8b6026090, 0x000001f8b61355b0, 0x000001f8b6134b10, 0x000001f8b6135060,
0x000001f8b6132090, 0x000001f8b6132b30, 0x000001f8b6133080, 0x000001f8b6134070,
0x000001f8b61335d0, 0x000001f8b6133b20, 0x000001f8b61345c0, 0x000001f8b8cfe060,
0x000001f8b8d05a90, 0x000001f8b8d01580, 0x000001f8b8cffaf0, 0x000001f8b8d01ad0,
0x000001f8b8d02570, 0x000001f8b8d03560, 0x000001f8b8d04550, 0x000001f8b8cfe5b0,
0x000001f8b8d03ab0, 0x000001f8b8d05540, 0x000001f8b8cfeb00, 0x000001f8b8cff5a0,
0x000001f8b8d01030, 0x000001f8b8d03010, 0x000001f8b8d02ac0, 0x000001f8b8d00040,
0x000001f8b8d00590, 0x000001f8b8d00ae0, 0x000001f8b9fe6db0, 0x000001f8b9fe7300,
0x000001f8b9fe2df0, 0x000001f8b9fe5dc0, 0x000001f8b9fe6310, 0x000001f8b9fe6860,
0x000001f8b9fe4880, 0x000001f8b9fe3890, 0x000001f8b9fe1e00, 0x000001f8b9fe8840,
0x000001f8b9fe2350, 0x000001f8b9fe7850, 0x000001f8b9fe3340, 0x000001f8b9fe8d90,
0x000001f8b9fe4dd0
}

Java Threads: ( => current thread )
  0x000001f892a933b0 JavaThread "main" [_thread_blocked, id=5792, stack(0x0000001c1b500000,0x0000001c1b600000)]
  0x000001f892b67210 JavaThread "Reference Handler" daemon [_thread_blocked, id=12496, stack(0x0000001c1bc00000,0x0000001c1bd00000)]
  0x000001f892b67fe0 JavaThread "Finalizer" daemon [_thread_blocked, id=1864, stack(0x0000001c1bd00000,0x0000001c1be00000)]
  0x000001f892b7b750 JavaThread "Signal Dispatcher" daemon [_thread_blocked, id=9420, stack(0x0000001c1be00000,0x0000001c1bf00000)]
  0x000001f892b7d3d0 JavaThread "Attach Listener" daemon [_thread_blocked, id=3704, stack(0x0000001c1bf00000,0x0000001c1c000000)]
  0x000001f892b7dce0 JavaThread "Service Thread" daemon [_thread_blocked, id=5572, stack(0x0000001c1c000000,0x0000001c1c100000)]
  0x000001f892b7e5f0 JavaThread "Monitor Deflation Thread" daemon [_thread_blocked, id=2648, stack(0x0000001c1c100000,0x0000001c1c200000)]
  0x000001f8b55d0290 JavaThread "C2 CompilerThread0" daemon [_thread_blocked, id=8256, stack(0x0000001c1c200000,0x0000001c1c300000)]
  0x000001f8b563d700 JavaThread "C1 CompilerThread0" daemon [_thread_blocked, id=3512, stack(0x0000001c1c300000,0x0000001c1c400000)]
  0x000001f8b5644430 JavaThread "Sweeper thread" daemon [_thread_blocked, id=11884, stack(0x0000001c1c400000,0x0000001c1c500000)]
  0x000001f8b6064980 JavaThread "Common-Cleaner" daemon [_thread_blocked, id=6780, stack(0x0000001c1c500000,0x0000001c1c600000)]
  0x000001f8b60716d0 JavaThread "Notification Thread" daemon [_thread_blocked, id=8336, stack(0x0000001c1c600000,0x0000001c1c700000)]
  0x000001f8b61d5cf0 JavaThread "Daemon health stats" [_thread_blocked, id=11864, stack(0x0000001c1c900000,0x0000001c1ca00000)]
  0x000001f8b6ceba20 JavaThread "Incoming local TCP Connector on port 49861" [_thread_in_native, id=12688, stack(0x0000001c1ca00000,0x0000001c1cb00000)]
  0x000001f8b61d3510 JavaThread "Daemon periodic checks" [_thread_blocked, id=12272, stack(0x0000001c1cb00000,0x0000001c1cc00000)]
  0x000001f8b6f2dab0 JavaThread "Daemon" [_thread_blocked, id=12460, stack(0x0000001c1cc00000,0x0000001c1cd00000)]
  0x000001f8b6026090 JavaThread "Handler for socket connection from /127.0.0.1:49861 to /127.0.0.1:49862" [_thread_in_native, id=12204, stack(0x0000001c1cd00000,0x0000001c1ce00000)]
  0x000001f8b61355b0 JavaThread "Cancel handler" [_thread_blocked, id=208, stack(0x0000001c1ce00000,0x0000001c1cf00000)]
  0x000001f8b6134b10 JavaThread "Daemon worker" [_thread_blocked, id=12400, stack(0x0000001c1cf00000,0x0000001c1d000000)]
  0x000001f8b6135060 JavaThread "Asynchronous log dispatcher for DefaultDaemonConnection: socket connection from /127.0.0.1:49861 to /127.0.0.1:49862" [_thread_blocked, id=11716, stack(0x0000001c1d000000,0x0000001c1d100000)]
  0x000001f8b6132090 JavaThread "Daemon client event forwarder" [_thread_blocked, id=2008, stack(0x0000001c1d200000,0x0000001c1d300000)]
  0x000001f8b6132b30 JavaThread "Cache worker for journal cache (C:\Users\bryen\.gradle\caches\journal-1)" [_thread_blocked, id=1704, stack(0x0000001c1d300000,0x0000001c1d400000)]
  0x000001f8b6133080 JavaThread "File lock request listener" [_thread_in_native, id=10820, stack(0x0000001c1d400000,0x0000001c1d500000)]
  0x000001f8b6134070 JavaThread "Cache worker for file hash cache (C:\Users\bryen\.gradle\caches\7.1.1\fileHashes)" [_thread_blocked, id=2888, stack(0x0000001c1d500000,0x0000001c1d600000)]
  0x000001f8b61335d0 JavaThread "File lock release action executor" [_thread_blocked, id=4612, stack(0x0000001c1d600000,0x0000001c1d700000)]
  0x000001f8b6133b20 JavaThread "Cache worker for file hash cache (C:\Users\bryen\Desktop\The SquidCoder Mod\.gradle\7.1.1\fileHashes)" [_thread_blocked, id=8984, stack(0x0000001c1d700000,0x0000001c1d800000)]
  0x000001f8b61345c0 JavaThread "File watcher server" daemon [_thread_in_native, id=12720, stack(0x0000001c1d800000,0x0000001c1d900000)]
  0x000001f8b8cfe060 JavaThread "File watcher consumer" daemon [_thread_blocked, id=10948, stack(0x0000001c1d900000,0x0000001c1da00000)]
  0x000001f8b8d05a90 JavaThread "jar transforms" [_thread_blocked, id=10688, stack(0x0000001c1da00000,0x0000001c1db00000)]
  0x000001f8b8d01580 JavaThread "jar transforms Thread 2" [_thread_blocked, id=11760, stack(0x0000001c1db00000,0x0000001c1dc00000)]
  0x000001f8b8cffaf0 JavaThread "Cache worker for checksums cache (C:\Users\bryen\Desktop\The SquidCoder Mod\.gradle\checksums)" [_thread_blocked, id=9592, stack(0x0000001c1dc00000,0x0000001c1dd00000)]
  0x000001f8b8d01ad0 JavaThread "Cache worker for cache directory md-supplier (C:\Users\bryen\.gradle\caches\7.1.1\md-supplier)" [_thread_blocked, id=5548, stack(0x0000001c1dd00000,0x0000001c1de00000)]
  0x000001f8b8d02570 JavaThread "Cache worker for cache directory md-rule (C:\Users\bryen\.gradle\caches\7.1.1\md-rule)" [_thread_blocked, id=12564, stack(0x0000001c1de00000,0x0000001c1df00000)]
  0x000001f8b8d03560 JavaThread "Cache worker for execution history cache (C:\Users\bryen\.gradle\caches\7.1.1\executionHistory)" [_thread_blocked, id=11752, stack(0x0000001c1df00000,0x0000001c1e000000)]
  0x000001f8b8d04550 JavaThread "Cache worker for file content cache (C:\Users\bryen\.gradle\caches\7.1.1\fileContent)" [_thread_blocked, id=4232, stack(0x0000001c1e000000,0x0000001c1e100000)]
  0x000001f8b8cfe5b0 JavaThread "Cache worker for dependencies-accessors (C:\Users\bryen\Desktop\The SquidCoder Mod\.gradle\7.1.1\dependencies-accessors)" [_thread_blocked, id=9664, stack(0x0000001c1e100000,0x0000001c1e200000)]
  0x000001f8b8d03ab0 JavaThread "Cache worker for Build Output Cleanup Cache (C:\Users\bryen\Desktop\The SquidCoder Mod\.gradle\buildOutputCleanup)" [_thread_blocked, id=960, stack(0x0000001c1e400000,0x0000001c1e500000)]
  0x000001f8b8d05540 JavaThread "Unconstrained build operations" [_thread_blocked, id=10772, stack(0x0000001c1e500000,0x0000001c1e600000)]
  0x000001f8b8cfeb00 JavaThread "Unconstrained build operations Thread 2" [_thread_blocked, id=9812, stack(0x0000001c1e600000,0x0000001c1e700000)]
  0x000001f8b8cff5a0 JavaThread "Unconstrained build operations Thread 3" [_thread_blocked, id=5984, stack(0x0000001c1e700000,0x0000001c1e800000)]
  0x000001f8b8d01030 JavaThread "Unconstrained build operations Thread 4" [_thread_blocked, id=7640, stack(0x0000001c1e800000,0x0000001c1e900000)]
  0x000001f8b8d03010 JavaThread "Unconstrained build operations Thread 5" [_thread_blocked, id=940, stack(0x0000001c1e900000,0x0000001c1ea00000)]
  0x000001f8b8d02ac0 JavaThread "Unconstrained build operations Thread 6" [_thread_blocked, id=4328, stack(0x0000001c1ea00000,0x0000001c1eb00000)]
  0x000001f8b8d00040 JavaThread "Unconstrained build operations Thread 7" [_thread_blocked, id=8848, stack(0x0000001c1eb00000,0x0000001c1ec00000)]
  0x000001f8b8d00590 JavaThread "Unconstrained build operations Thread 8" [_thread_blocked, id=10600, stack(0x0000001c1ec00000,0x0000001c1ed00000)]
  0x000001f8b8d00ae0 JavaThread "Unconstrained build operations Thread 9" [_thread_blocked, id=10364, stack(0x0000001c1ed00000,0x0000001c1ee00000)]
  0x000001f8b9fe6db0 JavaThread "Unconstrained build operations Thread 10" [_thread_blocked, id=12896, stack(0x0000001c1ee00000,0x0000001c1ef00000)]
  0x000001f8b9fe7300 JavaThread "Unconstrained build operations Thread 11" [_thread_blocked, id=10336, stack(0x0000001c1ef00000,0x0000001c1f000000)]
  0x000001f8b9fe2df0 JavaThread "Unconstrained build operations Thread 12" [_thread_blocked, id=2520, stack(0x0000001c1f000000,0x0000001c1f100000)]
  0x000001f8b9fe5dc0 JavaThread "Unconstrained build operations Thread 13" [_thread_blocked, id=11540, stack(0x0000001c1f100000,0x0000001c1f200000)]
  0x000001f8b9fe6310 JavaThread "Unconstrained build operations Thread 14" [_thread_blocked, id=3668, stack(0x0000001c1f200000,0x0000001c1f300000)]
  0x000001f8b9fe6860 JavaThread "Unconstrained build operations Thread 15" [_thread_blocked, id=9376, stack(0x0000001c1f300000,0x0000001c1f400000)]
  0x000001f8b9fe4880 JavaThread "Unconstrained build operations Thread 16" [_thread_blocked, id=8964, stack(0x0000001c1f400000,0x0000001c1f500000)]
  0x000001f8b9fe3890 JavaThread "Unconstrained build operations Thread 17" [_thread_blocked, id=5136, stack(0x0000001c1f500000,0x0000001c1f600000)]
  0x000001f8b9fe1e00 JavaThread "Unconstrained build operations Thread 18" [_thread_blocked, id=1768, stack(0x0000001c1f600000,0x0000001c1f700000)]
  0x000001f8b9fe8840 JavaThread "Unconstrained build operations Thread 19" [_thread_blocked, id=1628, stack(0x0000001c1f700000,0x0000001c1f800000)]
  0x000001f8b9fe2350 JavaThread "Unconstrained build operations Thread 20" [_thread_blocked, id=3792, stack(0x0000001c1f800000,0x0000001c1f900000)]
  0x000001f8b9fe7850 JavaThread "Memory manager" [_thread_blocked, id=3688, stack(0x0000001c1fa00000,0x0000001c1fb00000)]
  0x000001f8b9fe3340 JavaThread "ForkJoinPool.commonPool-worker-3" daemon [_thread_blocked, id=7336, stack(0x0000001c1b300000,0x0000001c1b400000)]
  0x000001f8b9fe8d90 JavaThread "File lock release action executor Thread 2" [_thread_blocked, id=8516, stack(0x0000001c1fd00000,0x0000001c1fe00000)]
  0x000001f8b9fe4dd0 JavaThread "Keep-Alive-Timer" daemon [_thread_blocked, id=9980, stack(0x0000001c1b400000,0x0000001c1b500000)]

Other Threads:
=>0x000001f892b61f10 VMThread "VM Thread" [stack: 0x0000001c1bb00000,0x0000001c1bc00000] [id=6036]
  0x000001f8b6071bf0 WatcherThread [stack: 0x0000001c1c700000,0x0000001c1c800000] [id=5892]
  0x000001f892ad4bb0 GCTaskThread "GC Thread#0" [stack: 0x0000001c1b600000,0x0000001c1b700000] [id=7884]
  0x000001f8b60a4fb0 GCTaskThread "GC Thread#1" [stack: 0x0000001c1c800000,0x0000001c1c900000] [id=10104]
  0x000001f892ae1b10 ConcurrentGCThread "G1 Main Marker" [stack: 0x0000001c1b700000,0x0000001c1b800000] [id=640]
  0x000001f892ae2490 ConcurrentGCThread "G1 Conc#0" [stack: 0x0000001c1b800000,0x0000001c1b900000] [id=5672]
  0x000001f892b0fcf0 ConcurrentGCThread "G1 Refine#0" [stack: 0x0000001c1b900000,0x0000001c1ba00000] [id=9444]
  0x000001f8b91a9fc0 ConcurrentGCThread "G1 Refine#1" [stack: 0x0000001c1d100000,0x0000001c1d200000] [id=8836]
  0x000001f892b10680 ConcurrentGCThread "G1 Service" [stack: 0x0000001c1ba00000,0x0000001c1bb00000] [id=6152]

Threads with active compile tasks:

VM state: at safepoint (normal execution)

VM Mutex/Monitor currently owned by a thread:  ([mutex/lock_event])
[0x000001f892a8fa10] Threads_lock - owner thread: 0x000001f892b61f10
[0x000001f892a912d0] Heap_lock - owner thread: 0x000001f8b6134b10

Heap address: 0x0000000740000000, size: 3072 MB, Compressed Oops mode: Zero based, Oop shift amount: 3

CDS archive(s) mapped at: [0x0000000800000000-0x0000000800be0000-0x0000000800be0000), size 12451840, SharedBaseAddress: 0x0000000800000000, ArchiveRelocationMode: 0.
Compressed class space mapped at: 0x0000000800c00000-0x0000000840c00000, reserved size: 1073741824
Narrow klass base: 0x0000000800000000, Narrow klass shift: 3, Narrow klass range: 0x100000000

GC Precious Log:
 CPUs: 2 total, 2 available
 Memory: 3500M
 Large Page Support: Disabled
 NUMA Support: Disabled
 Compressed Oops: Enabled (Zero based)
 Heap Region Size: 2M
 Heap Min Capacity: 8M
 Heap Initial Capacity: 56M
 Heap Max Capacity: 3G
 Pre-touch: Disabled
 Parallel Workers: 2
 Concurrent Workers: 1
 Concurrent Refinement Workers: 2
 Periodic GC: Disabled

Heap:
 garbage-first heap   total 358400K, used 183876K [0x0000000740000000, 0x0000000800000000)
  region size 2048K, 4 young (8192K), 4 survivors (8192K)
 Metaspace       used 68406K, committed 69056K, reserved 1114112K
  class space    used 8788K, committed 9088K, reserved 1048576K

Heap Regions: E=young(eden), S=young(survivor), O=old, HS=humongous(starts), HC=humongous(continues), CS=collection set, F=free, OA=open archive, CA=closed archive, TAMS=top-at-mark-start (previous, next)
|   0|0x0000000740000000, 0x0000000740200000, 0x0000000740200000|100%| O|  |TAMS 0x0000000740200000, 0x0000000740200000| Untracked 
|   1|0x0000000740200000, 0x0000000740400000, 0x0000000740400000|100%| O|  |TAMS 0x0000000740400000, 0x0000000740400000| Untracked 
|   2|0x0000000740400000, 0x0000000740600000, 0x0000000740600000|100%| O|  |TAMS 0x0000000740600000, 0x0000000740600000| Untracked 
|   3|0x0000000740600000, 0x0000000740800000, 0x0000000740800000|100%|HS|  |TAMS 0x0000000740800000, 0x0000000740800000| Complete 
|   4|0x0000000740800000, 0x0000000740a00000, 0x0000000740a00000|100%|HC|  |TAMS 0x0000000740a00000, 0x0000000740a00000| Complete 
|   5|0x0000000740a00000, 0x0000000740c00000, 0x0000000740c00000|100%| O|  |TAMS 0x0000000740c00000, 0x0000000740c00000| Untracked 
|   6|0x0000000740c00000, 0x0000000740e00000, 0x0000000740e00000|100%| O|  |TAMS 0x0000000740e00000, 0x0000000740e00000| Untracked 
|   7|0x0000000740e00000, 0x0000000741000000, 0x0000000741000000|100%| O|  |TAMS 0x0000000741000000, 0x0000000741000000| Untracked 
|   8|0x0000000741000000, 0x0000000741200000, 0x0000000741200000|100%| O|  |TAMS 0x0000000741200000, 0x0000000741200000| Untracked 
|   9|0x0000000741200000, 0x0000000741400000, 0x0000000741400000|100%|HS|  |TAMS 0x0000000741400000, 0x0000000741400000| Complete 
|  10|0x0000000741400000, 0x0000000741600000, 0x0000000741600000|100%|HS|  |TAMS 0x0000000741600000, 0x0000000741600000| Complete 
|  11|0x0000000741600000, 0x0000000741800000, 0x0000000741800000|100%|HC|  |TAMS 0x0000000741800000, 0x0000000741800000| Complete 
|  12|0x0000000741800000, 0x0000000741a00000, 0x0000000741a00000|100%| O|  |TAMS 0x0000000741a00000, 0x0000000741a00000| Untracked 
|  13|0x0000000741a00000, 0x0000000741c00000, 0x0000000741c00000|100%|HS|  |TAMS 0x0000000741c00000, 0x0000000741c00000| Complete 
|  14|0x0000000741c00000, 0x0000000741e00000, 0x0000000741e00000|100%|HC|  |TAMS 0x0000000741e00000, 0x0000000741e00000| Complete 
|  15|0x0000000741e00000, 0x0000000742000000, 0x0000000742000000|100%| O|  |TAMS 0x0000000742000000, 0x0000000742000000| Untracked 
|  16|0x0000000742000000, 0x0000000742200000, 0x0000000742200000|100%| O|  |TAMS 0x0000000742200000, 0x0000000742200000| Untracked 
|  17|0x0000000742200000, 0x0000000742400000, 0x0000000742400000|100%|HS|  |TAMS 0x0000000742400000, 0x0000000742400000| Complete 
|  18|0x0000000742400000, 0x0000000742600000, 0x0000000742600000|100%|HC|  |TAMS 0x0000000742600000, 0x0000000742600000| Complete 
|  19|0x0000000742600000, 0x0000000742800000, 0x0000000742800000|100%| O|  |TAMS 0x0000000742800000, 0x0000000742800000| Untracked 
|  20|0x0000000742800000, 0x0000000742a00000, 0x0000000742a00000|100%| O|  |TAMS 0x0000000742a00000, 0x0000000742a00000| Untracked 
|  21|0x0000000742a00000, 0x0000000742c00000, 0x0000000742c00000|100%| O|  |TAMS 0x0000000742c00000, 0x0000000742c00000| Untracked 
|  22|0x0000000742c00000, 0x0000000742e00000, 0x0000000742e00000|100%|HS|  |TAMS 0x0000000742e00000, 0x0000000742e00000| Complete 
|  23|0x0000000742e00000, 0x0000000743000000, 0x0000000743000000|100%|HC|  |TAMS 0x0000000743000000, 0x0000000743000000| Complete 
|  24|0x0000000743000000, 0x0000000743200000, 0x0000000743200000|100%| O|  |TAMS 0x0000000743200000, 0x0000000743200000| Untracked 
|  25|0x0000000743200000, 0x0000000743400000, 0x0000000743400000|100%|HS|  |TAMS 0x0000000743400000, 0x0000000743400000| Complete 
|  26|0x0000000743400000, 0x0000000743600000, 0x0000000743600000|100%|HC|  |TAMS 0x0000000743600000, 0x0000000743600000| Complete 
|  27|0x0000000743600000, 0x0000000743800000, 0x0000000743800000|100%| O|  |TAMS 0x0000000743800000, 0x0000000743800000| Untracked 
|  28|0x0000000743800000, 0x0000000743a00000, 0x0000000743a00000|100%|HS|  |TAMS 0x0000000743a00000, 0x0000000743a00000| Complete 
|  29|0x0000000743a00000, 0x0000000743c00000, 0x0000000743c00000|100%|HC|  |TAMS 0x0000000743c00000, 0x0000000743c00000| Complete 
|  30|0x0000000743c00000, 0x0000000743e00000, 0x0000000743e00000|100%| O|  |TAMS 0x0000000743e00000, 0x0000000743e00000| Untracked 
|  31|0x0000000743e00000, 0x0000000744000000, 0x0000000744000000|100%| O|  |TAMS 0x0000000744000000, 0x0000000744000000| Untracked 
|  32|0x0000000744000000, 0x0000000744200000, 0x0000000744200000|100%| O|  |TAMS 0x0000000744200000, 0x0000000744200000| Untracked 
|  33|0x0000000744200000, 0x0000000744400000, 0x0000000744400000|100%|HS|  |TAMS 0x0000000744400000, 0x0000000744400000| Complete 
|  34|0x0000000744400000, 0x0000000744600000, 0x0000000744600000|100%| O|  |TAMS 0x0000000744600000, 0x0000000744600000| Untracked 
|  35|0x0000000744600000, 0x0000000744800000, 0x0000000744800000|100%| O|  |TAMS 0x0000000744800000, 0x0000000744800000| Untracked 
|  36|0x0000000744800000, 0x0000000744a00000, 0x0000000744a00000|100%| O|  |TAMS 0x0000000744a00000, 0x0000000744a00000| Untracked 
|  37|0x0000000744a00000, 0x0000000744c00000, 0x0000000744c00000|100%| O|  |TAMS 0x0000000744c00000, 0x0000000744c00000| Untracked 
|  38|0x0000000744c00000, 0x0000000744e00000, 0x0000000744e00000|100%| O|  |TAMS 0x0000000744e00000, 0x0000000744e00000| Untracked 
|  39|0x0000000744e00000, 0x0000000745000000, 0x0000000745000000|100%| O|  |TAMS 0x0000000745000000, 0x0000000745000000| Untracked 
|  40|0x0000000745000000, 0x0000000745200000, 0x0000000745200000|100%| O|  |TAMS 0x0000000745200000, 0x0000000745200000| Untracked 
|  41|0x0000000745200000, 0x0000000745400000, 0x0000000745400000|100%| O|  |TAMS 0x0000000745400000, 0x0000000745400000| Untracked 
|  42|0x0000000745400000, 0x0000000745600000, 0x0000000745600000|100%|HS|  |TAMS 0x0000000745400000, 0x0000000745600000| Complete 
|  43|0x0000000745600000, 0x0000000745800000, 0x0000000745800000|100%| O|  |TAMS 0x0000000745800000, 0x0000000745800000| Untracked 
|  44|0x0000000745800000, 0x0000000745a00000, 0x0000000745a00000|100%| O|  |TAMS 0x0000000745800000, 0x0000000745a00000| Untracked 
|  45|0x0000000745a00000, 0x0000000745c00000, 0x0000000745c00000|100%| O|  |TAMS 0x0000000745c00000, 0x0000000745c00000| Untracked 
|  46|0x0000000745c00000, 0x0000000745e00000, 0x0000000745e00000|100%| O|  |TAMS 0x0000000745c00000, 0x0000000745e00000| Untracked 
|  47|0x0000000745e00000, 0x0000000746000000, 0x0000000746000000|100%|HS|  |TAMS 0x0000000745e00000, 0x0000000746000000| Complete 
|  48|0x0000000746000000, 0x0000000746200000, 0x0000000746200000|100%|HC|  |TAMS 0x0000000746000000, 0x0000000746200000| Complete 
|  49|0x0000000746200000, 0x0000000746400000, 0x0000000746400000|100%| O|  |TAMS 0x0000000746400000, 0x0000000746400000| Untracked 
|  50|0x0000000746400000, 0x0000000746600000, 0x0000000746600000|100%|HS|  |TAMS 0x0000000746400000, 0x0000000746600000| Complete 
|  51|0x0000000746600000, 0x0000000746800000, 0x0000000746800000|100%|HC|  |TAMS 0x0000000746600000, 0x0000000746800000| Complete 
|  52|0x0000000746800000, 0x0000000746a00000, 0x0000000746a00000|100%| O|  |TAMS 0x0000000746900000, 0x0000000746a00000| Untracked 
|  53|0x0000000746a00000, 0x0000000746c00000, 0x0000000746c00000|100%| O|  |TAMS 0x0000000746a00000, 0x0000000746c00000| Untracked 
|  54|0x0000000746c00000, 0x0000000746e00000, 0x0000000746e00000|100%| O|  |TAMS 0x0000000746c00000, 0x0000000746e00000| Untracked 
|  55|0x0000000746e00000, 0x0000000747000000, 0x0000000747000000|100%| O|  |TAMS 0x0000000746e00000, 0x0000000747000000| Untracked 
|  56|0x0000000747000000, 0x0000000747200000, 0x0000000747200000|100%| O|  |TAMS 0x0000000747000000, 0x0000000747200000| Untracked 
|  57|0x0000000747200000, 0x0000000747400000, 0x0000000747400000|100%| O|  |TAMS 0x0000000747200000, 0x0000000747400000| Untracked 
|  58|0x0000000747400000, 0x0000000747600000, 0x0000000747600000|100%|HS|  |TAMS 0x0000000747400000, 0x0000000747600000| Complete 
|  59|0x0000000747600000, 0x0000000747800000, 0x0000000747800000|100%|HC|  |TAMS 0x0000000747600000, 0x0000000747800000| Complete 
|  60|0x0000000747800000, 0x0000000747a00000, 0x0000000747a00000|100%| O|  |TAMS 0x0000000747800000, 0x0000000747a00000| Untracked 
|  61|0x0000000747a00000, 0x0000000747c00000, 0x0000000747c00000|100%| O|  |TAMS 0x0000000747a00000, 0x0000000747c00000| Untracked 
|  62|0x0000000747c00000, 0x0000000747e00000, 0x0000000747e00000|100%| O|  |TAMS 0x0000000747c00000, 0x0000000747e00000| Untracked 
|  63|0x0000000747e00000, 0x0000000748000000, 0x0000000748000000|100%| O|  |TAMS 0x0000000747e00000, 0x0000000748000000| Untracked 
|  64|0x0000000748000000, 0x0000000748200000, 0x0000000748200000|100%| O|  |TAMS 0x0000000748000000, 0x0000000748200000| Untracked 
|  65|0x0000000748200000, 0x0000000748400000, 0x0000000748400000|100%| O|  |TAMS 0x0000000748200000, 0x0000000748400000| Untracked 
|  66|0x0000000748400000, 0x0000000748600000, 0x0000000748600000|100%| O|  |TAMS 0x0000000748400000, 0x0000000748600000| Untracked 
|  67|0x0000000748600000, 0x0000000748800000, 0x0000000748800000|100%| O|  |TAMS 0x0000000748600000, 0x0000000748800000| Untracked 
|  68|0x0000000748800000, 0x0000000748a00000, 0x0000000748a00000|100%| O|  |TAMS 0x0000000748800000, 0x0000000748a00000| Untracked 
|  69|0x0000000748a00000, 0x0000000748c00000, 0x0000000748c00000|100%| O|  |TAMS 0x0000000748a00000, 0x0000000748a00000| Untracked 
|  70|0x0000000748c00000, 0x0000000748e00000, 0x0000000748e00000|100%| O|  |TAMS 0x0000000748c00000, 0x0000000748c00000| Untracked 
|  71|0x0000000748e00000, 0x0000000749000000, 0x0000000749000000|100%| O|  |TAMS 0x0000000748e00000, 0x0000000748e00000| Untracked 
|  72|0x0000000749000000, 0x0000000749200000, 0x0000000749200000|100%| O|  |TAMS 0x0000000749000000, 0x0000000749000000| Untracked 
|  73|0x0000000749200000, 0x0000000749391200, 0x0000000749400000| 78%| O|  |TAMS 0x0000000749200000, 0x0000000749200000| Untracked 
|  74|0x0000000749400000, 0x0000000749400000, 0x0000000749600000|  0%| F|  |TAMS 0x0000000749400000, 0x0000000749400000| Untracked 
|  75|0x0000000749600000, 0x0000000749600000, 0x0000000749800000|  0%| F|  |TAMS 0x0000000749600000, 0x0000000749600000| Untracked 
|  76|0x0000000749800000, 0x0000000749800000, 0x0000000749a00000|  0%| F|  |TAMS 0x0000000749800000, 0x0000000749800000| Untracked 
|  77|0x0000000749a00000, 0x0000000749a00000, 0x0000000749c00000|  0%| F|  |TAMS 0x0000000749a00000, 0x0000000749a00000| Untracked 
|  78|0x0000000749c00000, 0x0000000749c00000, 0x0000000749e00000|  0%| F|  |TAMS 0x0000000749c00000, 0x0000000749c00000| Untracked 
|  79|0x0000000749e00000, 0x0000000749e00000, 0x000000074a000000|  0%| F|  |TAMS 0x0000000749e00000, 0x0000000749e00000| Untracked 
|  80|0x000000074a000000, 0x000000074a000000, 0x000000074a200000|  0%| F|  |TAMS 0x000000074a000000, 0x000000074a000000| Untracked 
|  81|0x000000074a200000, 0x000000074a400000, 0x000000074a400000|100%| O|  |TAMS 0x000000074a200000, 0x000000074a400000| Untracked 
|  82|0x000000074a400000, 0x000000074a600000, 0x000000074a600000|100%| O|  |TAMS 0x000000074a400000, 0x000000074a600000| Untracked 
|  83|0x000000074a600000, 0x000000074a800000, 0x000000074a800000|100%| O|  |TAMS 0x000000074a600000, 0x000000074a800000| Untracked 
|  84|0x000000074a800000, 0x000000074aa00000, 0x000000074aa00000|100%| O|  |TAMS 0x000000074a800000, 0x000000074aa00000| Untracked 
|  85|0x000000074aa00000, 0x000000074ac00000, 0x000000074ac00000|100%| O|  |TAMS 0x000000074aa00000, 0x000000074ac00000| Untracked 
|  86|0x000000074ac00000, 0x000000074ae00000, 0x000000074ae00000|100%| O|  |TAMS 0x000000074ac00000, 0x000000074ae00000| Untracked 
|  87|0x000000074ae00000, 0x000000074b000000, 0x000000074b000000|100%| O|  |TAMS 0x000000074ae00000, 0x000000074b000000| Untracked 
|  88|0x000000074b000000, 0x000000074b200000, 0x000000074b200000|100%| O|  |TAMS 0x000000074b000000, 0x000000074b200000| Untracked 
|  89|0x000000074b200000, 0x000000074b400000, 0x000000074b400000|100%| O|  |TAMS 0x000000074b200000, 0x000000074b400000| Untracked 
|  90|0x000000074b400000, 0x000000074b400000, 0x000000074b600000|  0%| F|  |TAMS 0x000000074b400000, 0x000000074b400000| Untracked 
|  91|0x000000074b600000, 0x000000074b600000, 0x000000074b800000|  0%| F|  |TAMS 0x000000074b600000, 0x000000074b600000| Untracked 
|  92|0x000000074b800000, 0x000000074b800000, 0x000000074ba00000|  0%| F|  |TAMS 0x000000074b800000, 0x000000074b800000| Untracked 
|  93|0x000000074ba00000, 0x000000074ba00000, 0x000000074bc00000|  0%| F|  |TAMS 0x000000074ba00000, 0x000000074ba00000| Untracked 
|  94|0x000000074bc00000, 0x000000074bc00000, 0x000000074be00000|  0%| F|  |TAMS 0x000000074bc00000, 0x000000074bc00000| Untracked 
|  95|0x000000074be00000, 0x000000074be00000, 0x000000074c000000|  0%| F|  |TAMS 0x000000074be00000, 0x000000074be00000| Untracked 
|  96|0x000000074c000000, 0x000000074c000000, 0x000000074c200000|  0%| F|  |TAMS 0x000000074c000000, 0x000000074c000000| Untracked 
|  97|0x000000074c200000, 0x000000074c200000, 0x000000074c400000|  0%| F|  |TAMS 0x000000074c200000, 0x000000074c200000| Untracked 
|  98|0x000000074c400000, 0x000000074c400000, 0x000000074c600000|  0%| F|  |TAMS 0x000000074c400000, 0x000000074c400000| Untracked 
|  99|0x000000074c600000, 0x000000074c600000, 0x000000074c800000|  0%| F|  |TAMS 0x000000074c600000, 0x000000074c600000| Untracked 
| 100|0x000000074c800000, 0x000000074c800000, 0x000000074ca00000|  0%| F|  |TAMS 0x000000074c800000, 0x000000074c800000| Untracked 
| 101|0x000000074ca00000, 0x000000074ca00000, 0x000000074cc00000|  0%| F|  |TAMS 0x000000074ca00000, 0x000000074ca00000| Untracked 
| 102|0x000000074cc00000, 0x000000074cc00000, 0x000000074ce00000|  0%| F|  |TAMS 0x000000074cc00000, 0x000000074cc00000| Untracked 
| 103|0x000000074ce00000, 0x000000074ce00000, 0x000000074d000000|  0%| F|  |TAMS 0x000000074ce00000, 0x000000074ce00000| Untracked 
| 104|0x000000074d000000, 0x000000074d000000, 0x000000074d200000|  0%| F|  |TAMS 0x000000074d000000, 0x000000074d000000| Untracked 
| 105|0x000000074d200000, 0x000000074d200000, 0x000000074d400000|  0%| F|  |TAMS 0x000000074d200000, 0x000000074d200000| Untracked 
| 106|0x000000074d400000, 0x000000074d400000, 0x000000074d600000|  0%| F|  |TAMS 0x000000074d400000, 0x000000074d400000| Untracked 
| 107|0x000000074d600000, 0x000000074d600000, 0x000000074d800000|  0%| F|  |TAMS 0x000000074d600000, 0x000000074d600000| Untracked 
| 108|0x000000074d800000, 0x000000074d800000, 0x000000074da00000|  0%| F|  |TAMS 0x000000074d800000, 0x000000074d800000| Untracked 
| 109|0x000000074da00000, 0x000000074da00000, 0x000000074dc00000|  0%| F|  |TAMS 0x000000074da00000, 0x000000074da00000| Untracked 
| 110|0x000000074dc00000, 0x000000074dc00000, 0x000000074de00000|  0%| F|  |TAMS 0x000000074dc00000, 0x000000074dc00000| Untracked 
| 111|0x000000074de00000, 0x000000074de00000, 0x000000074e000000|  0%| F|  |TAMS 0x000000074de00000, 0x000000074de00000| Untracked 
| 112|0x000000074e000000, 0x000000074e000000, 0x000000074e200000|  0%| F|  |TAMS 0x000000074e000000, 0x000000074e000000| Untracked 
| 113|0x000000074e200000, 0x000000074e200000, 0x000000074e400000|  0%| F|  |TAMS 0x000000074e200000, 0x000000074e200000| Untracked 
| 114|0x000000074e400000, 0x000000074e400000, 0x000000074e600000|  0%| F|  |TAMS 0x000000074e400000, 0x000000074e400000| Untracked 
| 115|0x000000074e600000, 0x000000074e600000, 0x000000074e800000|  0%| F|  |TAMS 0x000000074e600000, 0x000000074e600000| Untracked 
| 116|0x000000074e800000, 0x000000074e800000, 0x000000074ea00000|  0%| F|  |TAMS 0x000000074e800000, 0x000000074e800000| Untracked 
| 117|0x000000074ea00000, 0x000000074ea00000, 0x000000074ec00000|  0%| F|  |TAMS 0x000000074ea00000, 0x000000074ea00000| Untracked 
| 118|0x000000074ec00000, 0x000000074ec00000, 0x000000074ee00000|  0%| F|  |TAMS 0x000000074ec00000, 0x000000074ec00000| Untracked 
| 119|0x000000074ee00000, 0x000000074ee00000, 0x000000074f000000|  0%| F|  |TAMS 0x000000074ee00000, 0x000000074ee00000| Untracked 
| 120|0x000000074f000000, 0x000000074f000000, 0x000000074f200000|  0%| F|  |TAMS 0x000000074f000000, 0x000000074f000000| Untracked 
| 121|0x000000074f200000, 0x000000074f200000, 0x000000074f400000|  0%| F|  |TAMS 0x000000074f200000, 0x000000074f200000| Untracked 
| 122|0x000000074f400000, 0x000000074f400000, 0x000000074f600000|  0%| F|  |TAMS 0x000000074f400000, 0x000000074f400000| Untracked 
| 123|0x000000074f600000, 0x000000074f600000, 0x000000074f800000|  0%| F|  |TAMS 0x000000074f600000, 0x000000074f600000| Untracked 
| 124|0x000000074f800000, 0x000000074f800000, 0x000000074fa00000|  0%| F|  |TAMS 0x000000074f800000, 0x000000074f800000| Untracked 
| 125|0x000000074fa00000, 0x000000074fa00000, 0x000000074fc00000|  0%| F|  |TAMS 0x000000074fa00000, 0x000000074fa00000| Untracked 
| 126|0x000000074fc00000, 0x000000074fc00000, 0x000000074fe00000|  0%| F|  |TAMS 0x000000074fc00000, 0x000000074fc00000| Untracked 
| 127|0x000000074fe00000, 0x000000074fe00000, 0x0000000750000000|  0%| F|  |TAMS 0x000000074fe00000, 0x000000074fe00000| Untracked 
| 128|0x0000000750000000, 0x0000000750000000, 0x0000000750200000|  0%| F|  |TAMS 0x0000000750000000, 0x0000000750000000| Untracked 
| 129|0x0000000750200000, 0x0000000750200000, 0x0000000750400000|  0%| F|  |TAMS 0x0000000750200000, 0x0000000750200000| Untracked 
| 130|0x0000000750400000, 0x0000000750400000, 0x0000000750600000|  0%| F|  |TAMS 0x0000000750400000, 0x0000000750400000| Untracked 
| 131|0x0000000750600000, 0x0000000750600000, 0x0000000750800000|  0%| F|  |TAMS 0x0000000750600000, 0x0000000750600000| Untracked 
| 132|0x0000000750800000, 0x0000000750800000, 0x0000000750a00000|  0%| F|  |TAMS 0x0000000750800000, 0x0000000750800000| Untracked 
| 133|0x0000000750a00000, 0x0000000750a00000, 0x0000000750c00000|  0%| F|  |TAMS 0x0000000750a00000, 0x0000000750a00000| Untracked 
| 134|0x0000000750c00000, 0x0000000750c00000, 0x0000000750e00000|  0%| F|  |TAMS 0x0000000750c00000, 0x0000000750c00000| Untracked 
| 135|0x0000000750e00000, 0x0000000750e00000, 0x0000000751000000|  0%| F|  |TAMS 0x0000000750e00000, 0x0000000750e00000| Untracked 
| 136|0x0000000751000000, 0x0000000751000000, 0x0000000751200000|  0%| F|  |TAMS 0x0000000751000000, 0x0000000751000000| Untracked 
| 137|0x0000000751200000, 0x0000000751200000, 0x0000000751400000|  0%| F|  |TAMS 0x0000000751200000, 0x0000000751200000| Untracked 
| 138|0x0000000751400000, 0x0000000751400000, 0x0000000751600000|  0%| F|  |TAMS 0x0000000751400000, 0x0000000751400000| Untracked 
| 139|0x0000000751600000, 0x0000000751600000, 0x0000000751800000|  0%| F|  |TAMS 0x0000000751600000, 0x0000000751600000| Untracked 
| 140|0x0000000751800000, 0x0000000751800000, 0x0000000751a00000|  0%| F|  |TAMS 0x0000000751800000, 0x0000000751800000| Untracked 
| 141|0x0000000751a00000, 0x0000000751c00000, 0x0000000751c00000|100%| S|CS|TAMS 0x0000000751a00000, 0x0000000751a00000| Complete 
| 142|0x0000000751c00000, 0x0000000751e00000, 0x0000000751e00000|100%| S|CS|TAMS 0x0000000751c00000, 0x0000000751c00000| Complete 
| 143|0x0000000751e00000, 0x0000000752000000, 0x0000000752000000|100%| S|CS|TAMS 0x0000000751e00000, 0x0000000751e00000| Complete 
| 144|0x0000000752000000, 0x0000000752200000, 0x0000000752200000|100%| S|CS|TAMS 0x0000000752000000, 0x0000000752000000| Complete 
| 145|0x0000000752200000, 0x0000000752200000, 0x0000000752400000|  0%| F|  |TAMS 0x0000000752200000, 0x0000000752200000| Untracked 
| 146|0x0000000752400000, 0x0000000752400000, 0x0000000752600000|  0%| F|  |TAMS 0x0000000752400000, 0x0000000752400000| Untracked 
| 147|0x0000000752600000, 0x0000000752600000, 0x0000000752800000|  0%| F|  |TAMS 0x0000000752600000, 0x0000000752600000| Untracked 
| 148|0x0000000752800000, 0x0000000752800000, 0x0000000752a00000|  0%| F|  |TAMS 0x0000000752800000, 0x0000000752800000| Untracked 
| 149|0x0000000752a00000, 0x0000000752a00000, 0x0000000752c00000|  0%| F|  |TAMS 0x0000000752a00000, 0x0000000752a00000| Untracked 
| 150|0x0000000752c00000, 0x0000000752c00000, 0x0000000752e00000|  0%| F|  |TAMS 0x0000000752c00000, 0x0000000752c00000| Untracked 
| 151|0x0000000752e00000, 0x0000000752e00000, 0x0000000753000000|  0%| F|  |TAMS 0x0000000752e00000, 0x0000000752e00000| Untracked 
| 152|0x0000000753000000, 0x0000000753000000, 0x0000000753200000|  0%| F|  |TAMS 0x0000000753000000, 0x0000000753000000| Untracked 
| 153|0x0000000753200000, 0x0000000753200000, 0x0000000753400000|  0%| F|  |TAMS 0x0000000753200000, 0x0000000753200000| Untracked 
| 154|0x0000000753400000, 0x0000000753400000, 0x0000000753600000|  0%| F|  |TAMS 0x0000000753400000, 0x0000000753400000| Untracked 
| 155|0x0000000753600000, 0x0000000753600000, 0x0000000753800000|  0%| F|  |TAMS 0x0000000753600000, 0x0000000753600000| Untracked 
| 156|0x0000000753800000, 0x0000000753800000, 0x0000000753a00000|  0%| F|  |TAMS 0x0000000753800000, 0x0000000753800000| Untracked 
| 157|0x0000000753a00000, 0x0000000753a00000, 0x0000000753c00000|  0%| F|  |TAMS 0x0000000753a00000, 0x0000000753a00000| Untracked 
| 158|0x0000000753c00000, 0x0000000753c00000, 0x0000000753e00000|  0%| F|  |TAMS 0x0000000753c00000, 0x0000000753c00000| Untracked 
| 159|0x0000000753e00000, 0x0000000753e00000, 0x0000000754000000|  0%| F|  |TAMS 0x0000000753e00000, 0x0000000753e00000| Untracked 
| 160|0x0000000754000000, 0x0000000754000000, 0x0000000754200000|  0%| F|  |TAMS 0x0000000754000000, 0x0000000754000000| Untracked 
| 161|0x0000000754200000, 0x0000000754200000, 0x0000000754400000|  0%| F|  |TAMS 0x0000000754200000, 0x0000000754200000| Untracked 
| 162|0x0000000754400000, 0x0000000754400000, 0x0000000754600000|  0%| F|  |TAMS 0x0000000754400000, 0x0000000754400000| Untracked 
| 163|0x0000000754600000, 0x0000000754600000, 0x0000000754800000|  0%| F|  |TAMS 0x0000000754600000, 0x0000000754600000| Untracked 
| 164|0x0000000754800000, 0x0000000754800000, 0x0000000754a00000|  0%| F|  |TAMS 0x0000000754800000, 0x0000000754800000| Untracked 
| 165|0x0000000754a00000, 0x0000000754a00000, 0x0000000754c00000|  0%| F|  |TAMS 0x0000000754a00000, 0x0000000754a00000| Untracked 
| 166|0x0000000754c00000, 0x0000000754c00000, 0x0000000754e00000|  0%| F|  |TAMS 0x0000000754c00000, 0x0000000754c00000| Untracked 
| 167|0x0000000754e00000, 0x0000000754e00000, 0x0000000755000000|  0%| F|  |TAMS 0x0000000754e00000, 0x0000000754e00000| Untracked 
| 168|0x0000000755000000, 0x0000000755000000, 0x0000000755200000|  0%| F|  |TAMS 0x0000000755000000, 0x0000000755000000| Untracked 
|1530|0x00000007ff400000, 0x00000007ff600000, 0x00000007ff600000|100%| O|  |TAMS 0x00000007ff400000, 0x00000007ff600000| Untracked 
|1531|0x00000007ff600000, 0x00000007ff800000, 0x00000007ff800000|100%| O|  |TAMS 0x00000007ff600000, 0x00000007ff800000| Untracked 
|1532|0x00000007ff800000, 0x00000007ffa00000, 0x00000007ffa00000|100%| O|  |TAMS 0x00000007ffa00000, 0x00000007ffa00000| Untracked 
|1533|0x00000007ffa00000, 0x00000007ffa00000, 0x00000007ffc00000|  0%| F|  |TAMS 0x00000007ffa00000, 0x00000007ffa00000| Untracked 
|1534|0x00000007ffc00000, 0x00000007ffc00000, 0x00000007ffe00000|  0%| F|  |TAMS 0x00000007ffc00000, 0x00000007ffc00000| Untracked 
|1535|0x00000007ffe00000, 0x00000007ffe00000, 0x0000000800000000|  0%| F|  |TAMS 0x00000007ffe00000, 0x00000007ffe00000| Untracked 

Card table byte_map: [0x000001f8ac650000,0x000001f8acc50000] _byte_map_base: 0x000001f8a8c50000

Marking Bits (Prev, Next): (CMBitMap*) 0x000001f892ad5180, (CMBitMap*) 0x000001f892ad5140
 Prev Bits: [0x000001f8b0250000, 0x000001f8b3250000)
 Next Bits: [0x000001f8ad250000, 0x000001f8b0250000)

Polling page: 0x000001f892b80000

Metaspace:

Usage:
  Non-class:     58.22 MB used.
      Class:      8.58 MB used.
       Both:     66.80 MB used.

Virtual space:
  Non-class space:       64.00 MB reserved,      58.56 MB ( 92%) committed,  8 nodes.
      Class space:        1.00 GB reserved,       8.88 MB ( <1%) committed,  1 nodes.
              Both:        1.06 GB reserved,      67.44 MB (  6%) committed. 

Chunk freelists:
   Non-Class:  1.23 MB
       Class:  2.95 MB
        Both:  4.18 MB

MaxMetaspaceSize: 17179869184.00 GB
CompressedClassSpaceSize: 1.00 GB
 - commit_granule_bytes: 65536.
 - commit_granule_words: 8192.
 - virtual_space_node_default_size: 1048576.
 - enlarge_chunks_in_place: 1.
 - new_chunks_are_fully_committed: 0.
 - uncommit_free_chunks: 1.
 - use_allocation_guard: 0.
 - handle_deallocations: 1.


Internal statistics:

num_allocs_failed_limit: 0.
num_arena_births: 752.
num_arena_deaths: 4.
num_vsnodes_births: 9.
num_vsnodes_deaths: 0.
num_space_committed: 1079.
num_space_uncommitted: 0.
num_chunks_returned_to_freelist: 15.
num_chunks_taken_from_freelist: 3266.
num_chunk_merges: 0.
num_chunk_splits: 2099.
num_chunks_enlarged: 1355.
num_purges: 4.

CodeHeap 'non-profiled nmethods': size=120064Kb used=6661Kb max_used=6661Kb free=113403Kb
 bounds [0x000001f8a4700000, 0x000001f8a4d90000, 0x000001f8abc40000]
CodeHeap 'profiled nmethods': size=120000Kb used=17737Kb max_used=17737Kb free=102262Kb
 bounds [0x000001f89d1d0000, 0x000001f89e330000, 0x000001f8a4700000]
CodeHeap 'non-nmethods': size=5696Kb used=2402Kb max_used=2453Kb free=3293Kb
 bounds [0x000001f89cc40000, 0x000001f89ceb0000, 0x000001f89d1d0000]
 total_blobs=9815 nmethods=8890 adapters=837
 compilation: enabled
              stopped_count=0, restarted_count=0
 full_count=0

Compilation events (20 events):
Event: 139.392 Thread 0x000001f8b55d0290 10378       4       java.lang.StringBuffer::<init> (7 bytes)
Event: 139.393 Thread 0x000001f8b55d0290 nmethod 10378 0x000001f8a4d7cd90 code [0x000001f8a4d7cf20, 0x000001f8a4d7d0d8]
Event: 139.393 Thread 0x000001f8b55d0290 10374       4       net.minecraftforge.srgutils.NamedMappingFile$Cls$Method::meta (14 bytes)
Event: 139.402 Thread 0x000001f8b55d0290 nmethod 10374 0x000001f8a4d7d190 code [0x000001f8a4d7d320, 0x000001f8a4d7d7e8]
Event: 139.402 Thread 0x000001f8b55d0290 10383       4       java.lang.String::trim (35 bytes)
Event: 139.410 Thread 0x000001f8b55d0290 nmethod 10383 0x000001f8a4d7da90 code [0x000001f8a4d7dc40, 0x000001f8a4d7e268]
Event: 139.506 Thread 0x000001f8b55d0290 10384       4       net.minecraftforge.srgutils.NamedMappingFile$Cls$Field::descriptor (7 bytes)
Event: 139.507 Thread 0x000001f8b55d0290 nmethod 10384 0x000001f8a4d7e510 code [0x000001f8a4d7e680, 0x000001f8a4d7e7d8]
Event: 139.517 Thread 0x000001f8b55d0290 10385       4       net.minecraftforge.srgutils.NamedMappingFile::addClass (28 bytes)
Event: 139.531 Thread 0x000001f8b55d0290 nmethod 10385 0x000001f8a4d7e890 code [0x000001f8a4d7ea60, 0x000001f8a4d7f468]
Event: 139.531 Thread 0x000001f8b55d0290 10386       4       net.minecraftforge.srgutils.NamedMappingFile::addClass (6 bytes)
Event: 139.545 Thread 0x000001f8b55d0290 nmethod 10386 0x000001f8a4d7f990 code [0x000001f8a4d7fb60, 0x000001f8a4d80568]
Event: 139.545 Thread 0x000001f8b55d0290 10387       4       net.minecraftforge.srgutils.NamedMappingFile$Cls::<init> (45 bytes)
Event: 139.550 Thread 0x000001f8b55d0290 nmethod 10387 0x000001f8a4d80a90 code [0x000001f8a4d80c20, 0x000001f8a4d812f8]
Event: 139.833 Thread 0x000001f8b563d700 10388 %     3       net.minecraftforge.srgutils.InternalUtils::loadProguard @ 384 (598 bytes)
Event: 139.840 Thread 0x000001f8b563d700 nmethod 10388% 0x000001f89e30b890 code [0x000001f89e30c240, 0x000001f89e311f88]
Event: 139.844 Thread 0x000001f8b563d700 10389 %     3       net.minecraftforge.srgutils.InternalUtils::loadProguard @ 27 (598 bytes)
Event: 139.850 Thread 0x000001f8b563d700 nmethod 10389% 0x000001f89e314390 code [0x000001f89e314d40, 0x000001f89e31a888]
Event: 139.889 Thread 0x000001f8b563d700 10390       3       net.minecraftforge.srgutils.InternalUtils::loadProguard (598 bytes)
Event: 139.894 Thread 0x000001f8b563d700 nmethod 10390 0x000001f89e31cc10 code [0x000001f89e31d5c0, 0x000001f89e323048]

GC Heap History (20 events):
Event: 86.024 GC heap after
{Heap after GC invocations=77 (full 0):
 garbage-first heap   total 219136K, used 121856K [0x0000000740000000, 0x0000000800000000)
  region size 2048K, 1 young (2048K), 1 survivors (2048K)
 Metaspace       used 65477K, committed 66112K, reserved 1114112K
  class space    used 8463K, committed 8768K, reserved 1048576K
}
Event: 86.461 GC heap before
{Heap before GC invocations=77 (full 0):
 garbage-first heap   total 219136K, used 128000K [0x0000000740000000, 0x0000000800000000)
  region size 2048K, 5 young (10240K), 1 survivors (2048K)
 Metaspace       used 65477K, committed 66112K, reserved 1114112K
  class space    used 8463K, committed 8768K, reserved 1048576K
}
Event: 86.468 GC heap after
{Heap after GC invocations=78 (full 0):
 garbage-first heap   total 219136K, used 99843K [0x0000000740000000, 0x0000000800000000)
  region size 2048K, 1 young (2048K), 1 survivors (2048K)
 Metaspace       used 65477K, committed 66112K, reserved 1114112K
  class space    used 8463K, committed 8768K, reserved 1048576K
}
Event: 95.182 GC heap before
{Heap before GC invocations=78 (full 0):
 garbage-first heap   total 219136K, used 112131K [0x0000000740000000, 0x0000000800000000)
  region size 2048K, 9 young (18432K), 1 survivors (2048K)
 Metaspace       used 65494K, committed 66112K, reserved 1114112K
  class space    used 8464K, committed 8768K, reserved 1048576K
}
Event: 95.185 GC heap after
{Heap after GC invocations=79 (full 0):
 garbage-first heap   total 219136K, used 97944K [0x0000000740000000, 0x0000000800000000)
  region size 2048K, 1 young (2048K), 1 survivors (2048K)
 Metaspace       used 65494K, committed 66112K, reserved 1114112K
  class space    used 8464K, committed 8768K, reserved 1048576K
}
Event: 95.249 GC heap before
{Heap before GC invocations=79 (full 0):
 garbage-first heap   total 219136K, used 108184K [0x0000000740000000, 0x0000000800000000)
  region size 2048K, 2 young (4096K), 1 survivors (2048K)
 Metaspace       used 65494K, committed 66112K, reserved 1114112K
  class space    used 8464K, committed 8768K, reserved 1048576K
}
Event: 95.252 GC heap after
{Heap after GC invocations=80 (full 0):
 garbage-first heap   total 219136K, used 97923K [0x0000000740000000, 0x0000000800000000)
  region size 2048K, 1 young (2048K), 1 survivors (2048K)
 Metaspace       used 65494K, committed 66112K, reserved 1114112K
  class space    used 8464K, committed 8768K, reserved 1048576K
}
Event: 95.281 GC heap before
{Heap before GC invocations=80 (full 0):
 garbage-first heap   total 219136K, used 108163K [0x0000000740000000, 0x0000000800000000)
  region size 2048K, 2 young (4096K), 1 survivors (2048K)
 Metaspace       used 65494K, committed 66112K, reserved 1114112K
  class space    used 8464K, committed 8768K, reserved 1048576K
}
Event: 95.284 GC heap after
{Heap after GC invocations=81 (full 0):
 garbage-first heap   total 219136K, used 97824K [0x0000000740000000, 0x0000000800000000)
  region size 2048K, 1 young (2048K), 1 survivors (2048K)
 Metaspace       used 65494K, committed 66112K, reserved 1114112K
  class space    used 8464K, committed 8768K, reserved 1048576K
}
Event: 95.328 GC heap before
{Heap before GC invocations=81 (full 0):
 garbage-first heap   total 219136K, used 108064K [0x0000000740000000, 0x0000000800000000)
  region size 2048K, 2 young (4096K), 1 survivors (2048K)
 Metaspace       used 65494K, committed 66112K, reserved 1114112K
  class space    used 8464K, committed 8768K, reserved 1048576K
}
Event: 95.331 GC heap after
{Heap after GC invocations=82 (full 0):
 garbage-first heap   total 354304K, used 97828K [0x0000000740000000, 0x0000000800000000)
  region size 2048K, 1 young (2048K), 1 survivors (2048K)
 Metaspace       used 65494K, committed 66112K, reserved 1114112K
  class space    used 8464K, committed 8768K, reserved 1048576K
}
Event: 134.434 GC heap before
{Heap before GC invocations=82 (full 0):
 garbage-first heap   total 354304K, used 325156K [0x0000000740000000, 0x0000000800000000)
  region size 2048K, 91 young (186368K), 1 survivors (2048K)
 Metaspace       used 68376K, committed 68992K, reserved 1114112K
  class space    used 8787K, committed 9088K, reserved 1048576K
}
Event: 134.794 GC heap after
{Heap after GC invocations=83 (full 0):
 garbage-first heap   total 358400K, used 143578K [0x0000000740000000, 0x0000000800000000)
  region size 2048K, 12 young (24576K), 12 survivors (24576K)
 Metaspace       used 68376K, committed 68992K, reserved 1114112K
  class space    used 8787K, committed 9088K, reserved 1048576K
}
Event: 138.378 GC heap before
{Heap before GC invocations=83 (full 0):
 garbage-first heap   total 358400K, used 278746K [0x0000000740000000, 0x0000000800000000)
  region size 2048K, 68 young (139264K), 12 survivors (24576K)
 Metaspace       used 68402K, committed 69056K, reserved 1114112K
  class space    used 8788K, committed 9088K, reserved 1048576K
}
Event: 138.976 GC heap after
{Heap after GC invocations=84 (full 0):
 garbage-first heap   total 358400K, used 159680K [0x0000000740000000, 0x0000000800000000)
  region size 2048K, 9 young (18432K), 9 survivors (18432K)
 Metaspace       used 68402K, committed 69056K, reserved 1114112K
  class space    used 8788K, committed 9088K, reserved 1048576K
}
Event: 138.988 GC heap before
{Heap before GC invocations=84 (full 0):
 garbage-first heap   total 358400K, used 165824K [0x0000000740000000, 0x0000000800000000)
  region size 2048K, 12 young (24576K), 9 survivors (18432K)
 Metaspace       used 68402K, committed 69056K, reserved 1114112K
  class space    used 8788K, committed 9088K, reserved 1048576K
}
Event: 139.257 GC heap after
{Heap after GC invocations=85 (full 0):
 garbage-first heap   total 358400K, used 162816K [0x0000000740000000, 0x0000000800000000)
  region size 2048K, 2 young (4096K), 2 survivors (4096K)
 Metaspace       used 68402K, committed 69056K, reserved 1114112K
  class space    used 8788K, committed 9088K, reserved 1048576K
}
Event: 139.909 GC heap before
{Heap before GC invocations=85 (full 0):
 garbage-first heap   total 358400K, used 207872K [0x0000000740000000, 0x0000000800000000)
  region size 2048K, 24 young (49152K), 2 survivors (4096K)
 Metaspace       used 68406K, committed 69056K, reserved 1114112K
  class space    used 8788K, committed 9088K, reserved 1048576K
}
Event: 139.942 GC heap after
{Heap after GC invocations=86 (full 0):
 garbage-first heap   total 358400K, used 172032K [0x0000000740000000, 0x0000000800000000)
  region size 2048K, 3 young (6144K), 3 survivors (6144K)
 Metaspace       used 68406K, committed 69056K, reserved 1114112K
  class space    used 8788K, committed 9088K, reserved 1048576K
}
Event: 139.985 GC heap before
{Heap before GC invocations=86 (full 0):
 garbage-first heap   total 358400K, used 221184K [0x0000000740000000, 0x0000000800000000)
  region size 2048K, 27 young (55296K), 3 survivors (6144K)
 Metaspace       used 68406K, committed 69056K, reserved 1114112K
  class space    used 8788K, committed 9088K, reserved 1048576K
}

Deoptimization events (20 events):
Event: 136.251 Thread 0x000001f8b9fe4dd0 DEOPT PACKING pc=0x000001f8a4c43fb0 sp=0x0000001c1b4fe700
Event: 136.251 Thread 0x000001f8b9fe4dd0 DEOPT UNPACKING pc=0x000001f89cc8d72e sp=0x0000001c1b4fe720 mode 2
Event: 138.061 Thread 0x000001f8b6134b10 Uncommon trap: trap_request=0xffffff45 fr.pc=0x000001f8a4a6f420 relative=0x00000000000005e0
Event: 138.061 Thread 0x000001f8b6134b10 Uncommon trap: reason=unstable_if action=reinterpret pc=0x000001f8a4a6f420 method=net.minecraftforge.srgutils.InternalUtils.stripComment(Ljava/lang/String;)Ljava/lang/String; @ 8 c2
Event: 138.061 Thread 0x000001f8b6134b10 DEOPT PACKING pc=0x000001f8a4a6f420 sp=0x0000001c1cff6910
Event: 138.061 Thread 0x000001f8b6134b10 DEOPT UNPACKING pc=0x000001f89cc8d72e sp=0x0000001c1cff68e0 mode 2
Event: 138.061 Thread 0x000001f8b6134b10 Uncommon trap: trap_request=0xffffff45 fr.pc=0x000001f8a4a6e7d4 relative=0x0000000000000614
Event: 138.061 Thread 0x000001f8b6134b10 Uncommon trap: reason=unstable_if action=reinterpret pc=0x000001f8a4a6e7d4 method=net.minecraftforge.srgutils.InternalUtils.stripComment(Ljava/lang/String;)Ljava/lang/String; @ 8 c2
Event: 138.061 Thread 0x000001f8b6134b10 DEOPT PACKING pc=0x000001f8a4a6e7d4 sp=0x0000001c1cff6670
Event: 138.061 Thread 0x000001f8b6134b10 DEOPT UNPACKING pc=0x000001f89cc8d72e sp=0x0000001c1cff65d0 mode 2
Event: 138.061 Thread 0x000001f8b6134b10 Uncommon trap: trap_request=0xffffff45 fr.pc=0x000001f8a489cc8c relative=0x000000000000006c
Event: 138.061 Thread 0x000001f8b6134b10 Uncommon trap: reason=unstable_if action=reinterpret pc=0x000001f8a489cc8c method=net.minecraftforge.srgutils.InternalUtils.lambda$filter$1(Ljava/lang/String;)Z @ 4 c2
Event: 138.061 Thread 0x000001f8b6134b10 DEOPT PACKING pc=0x000001f8a489cc8c sp=0x0000001c1cff6690
Event: 138.061 Thread 0x000001f8b6134b10 DEOPT UNPACKING pc=0x000001f89cc8d72e sp=0x0000001c1cff65b0 mode 2
Event: 138.085 Thread 0x000001f8b6134b10 DEOPT PACKING pc=0x000001f89dd05020 sp=0x0000001c1cff66e0
Event: 138.086 Thread 0x000001f8b6134b10 DEOPT UNPACKING pc=0x000001f89cc8dece sp=0x0000001c1cff5c00 mode 0
Event: 138.180 Thread 0x000001f8b6134b10 DEOPT PACKING pc=0x000001f89dd05020 sp=0x0000001c1cff66e0
Event: 138.180 Thread 0x000001f8b6134b10 DEOPT UNPACKING pc=0x000001f89cc8dece sp=0x0000001c1cff5c00 mode 0
Event: 138.369 Thread 0x000001f8b6134b10 DEOPT PACKING pc=0x000001f89d3e3776 sp=0x0000001c1cff6820
Event: 138.369 Thread 0x000001f8b6134b10 DEOPT UNPACKING pc=0x000001f89cc8dece sp=0x0000001c1cff5cb0 mode 0

Classes unloaded (20 events):
Event: 60.395 Thread 0x000001f892b61f10 Unloading class 0x0000000801233a98 '_BuildScript_$_run_closure5$_closure18'
Event: 60.395 Thread 0x000001f892b61f10 Unloading class 0x00000008012336b0 '_BuildScript_$_run_closure5$_closure17$_closure19'
Event: 60.395 Thread 0x000001f892b61f10 Unloading class 0x00000008012332c8 '_BuildScript_$_run_closure5$_closure17'
Event: 60.395 Thread 0x000001f892b61f10 Unloading class 0x0000000801232ee0 '_BuildScript_$_run_closure5'
Event: 60.395 Thread 0x000001f892b61f10 Unloading class 0x0000000801232af8 '_BuildScript_$_run_closure4$_closure16'
Event: 60.395 Thread 0x000001f892b61f10 Unloading class 0x0000000801232710 '_BuildScript_$_run_closure4'
Event: 60.395 Thread 0x000001f892b61f10 Unloading class 0x0000000801232328 '_BuildScript_$_run_closure3'
Event: 60.395 Thread 0x000001f892b61f10 Unloading class 0x0000000801231f40 '_BuildScript_$_run_closure2'
Event: 60.395 Thread 0x000001f892b61f10 Unloading class 0x0000000801231b58 '_BuildScript_$_run_closure1$_closure6$_closure9$_closure14$_closure15'
Event: 60.395 Thread 0x000001f892b61f10 Unloading class 0x0000000801231770 '_BuildScript_$_run_closure1$_closure6$_closure9$_closure14'
Event: 60.395 Thread 0x000001f892b61f10 Unloading class 0x0000000801231388 '_BuildScript_$_run_closure1$_closure6$_closure9'
Event: 60.395 Thread 0x000001f892b61f10 Unloading class 0x0000000801230fa0 '_BuildScript_$_run_closure1$_closure6$_closure8$_closure12$_closure13'
Event: 60.395 Thread 0x000001f892b61f10 Unloading class 0x0000000801230bb8 '_BuildScript_$_run_closure1$_closure6$_closure8$_closure12'
Event: 60.395 Thread 0x000001f892b61f10 Unloading class 0x00000008012307d0 '_BuildScript_$_run_closure1$_closure6$_closure8'
Event: 60.395 Thread 0x000001f892b61f10 Unloading class 0x00000008012303e8 '_BuildScript_$_run_closure1$_closure6$_closure7$_closure10$_closure11'
Event: 60.395 Thread 0x000001f892b61f10 Unloading class 0x0000000801230000 '_BuildScript_$_run_closure1$_closure6$_closure7$_closure10'
Event: 60.395 Thread 0x000001f892b61f10 Unloading class 0x0000000801228400 '_BuildScript_$_run_closure1$_closure6$_closure7'
Event: 60.395 Thread 0x000001f892b61f10 Unloading class 0x0000000801228be8 '_BuildScript_$_run_closure1$_closure6'
Event: 60.395 Thread 0x000001f892b61f10 Unloading class 0x0000000801228800 '_BuildScript_$_run_closure1'
Event: 60.395 Thread 0x000001f892b61f10 Unloading class 0x00000008011e5000 '_BuildScript_'

Classes redefined (0 events):
No events

Internal exceptions (20 events):
Event: 65.608 Thread 0x000001f8b6134b10 Implicit null exception at 0x000001f8a4739072 to 0x000001f8a4739664
Event: 70.887 Thread 0x000001f8b6134b10 Exception <a 'java/lang/NoSuchMethodError'{0x00000007480d4d50}: 'java.lang.Object java.lang.invoke.DirectMethodHandle$Holder.newInvokeSpecial(java.lang.Object, java.lang.Object, int, int)'> (0x00000007480d4d50) 
thrown [c:\wsjdk\correttojdksrc\installers\windows\zip\corretto-build\buildroot\src\hotspot\share\interpreter\linkResolver.cpp, line 790]
Event: 70.890 Thread 0x000001f8b6134b10 Exception <a 'java/lang/NoSuchMethodError'{0x00000007480f6af8}: 'void java.lang.invoke.DirectMethodHandle$Holder.invokeStatic(java.lang.Object, java.lang.Object, int, int, java.lang.Object)'> (0x00000007480f6af8) 
thrown [c:\wsjdk\correttojdksrc\installers\windows\zip\corretto-build\buildroot\src\hotspot\share\interpreter\linkResolver.cpp, line 790]
Event: 125.648 Thread 0x000001f8b6134b10 Exception <a 'java/lang/ClassNotFoundException'{0x0000000750834250}: net/minecraftforge/gradle/userdev/tasks/RenameJarInPlace_DecoratedBeanInfo> (0x0000000750834250) 
thrown [c:\wsjdk\correttojdksrc\installers\windows\zip\corretto-build\buildroot\src\hotspot\share\classfile\systemDictionary.cpp, line 256]
Event: 125.651 Thread 0x000001f8b6134b10 Exception <a 'java/lang/ClassNotFoundException'{0x000000075083eeb0}: net/minecraftforge/gradle/userdev/tasks/RenameJarInPlaceBeanInfo> (0x000000075083eeb0) 
thrown [c:\wsjdk\correttojdksrc\installers\windows\zip\corretto-build\buildroot\src\hotspot\share\classfile\systemDictionary.cpp, line 256]
Event: 125.655 Thread 0x000001f8b6134b10 Exception <a 'java/lang/ClassNotFoundException'{0x0000000750849cc0}: net/minecraftforge/gradle/common/tasks/JarExecBeanInfo> (0x0000000750849cc0) 
thrown [c:\wsjdk\correttojdksrc\installers\windows\zip\corretto-build\buildroot\src\hotspot\share\classfile\systemDictionary.cpp, line 256]
Event: 125.666 Thread 0x000001f8b6134b10 Exception <a 'java/lang/ClassNotFoundException'{0x0000000750854ad0}: net/minecraftforge/gradle/common/tasks/JarExecCustomizer> (0x0000000750854ad0) 
thrown [c:\wsjdk\correttojdksrc\installers\windows\zip\corretto-build\buildroot\src\hotspot\share\classfile\systemDictionary.cpp, line 256]
Event: 125.694 Thread 0x000001f8b6134b10 Exception <a 'java/lang/ClassNotFoundException'{0x000000075087a750}: net/minecraftforge/gradle/userdev/tasks/RenameJarInPlaceCustomizer> (0x000000075087a750) 
thrown [c:\wsjdk\correttojdksrc\installers\windows\zip\corretto-build\buildroot\src\hotspot\share\classfile\systemDictionary.cpp, line 256]
Event: 125.698 Thread 0x000001f8b6134b10 Exception <a 'java/lang/ClassNotFoundException'{0x00000007508994b8}: net/minecraftforge/gradle/userdev/tasks/RenameJarInPlace_DecoratedCustomizer> (0x00000007508994b8) 
thrown [c:\wsjdk\correttojdksrc\installers\windows\zip\corretto-build\buildroot\src\hotspot\share\classfile\systemDictionary.cpp, line 256]
Event: 126.270 Thread 0x000001f8b6134b10 Exception <a 'java/lang/NoSuchMethodError'{0x00000007504a8ff0}: 'void java.lang.invoke.DirectMethodHandle$Holder.invokeStatic(java.lang.Object, java.lang.Object, java.lang.Object, java.lang.Object, java.lang.Object, java.lang.Object, java.lang.Object)'> (0x00000007504a8ff0) 
thrown [c:\wsjdk\correttojdksrc\installers\windows\zip\corretto-build\buildroot\src\hotspot\share\interpreter\linkResolver.cpp, line 790]
Event: 127.825 Thread 0x000001f8b6134b10 Exception <a 'java/lang/ClassNotFoundException'{0x000000075013cb00}: org/jetbrains/plugins/gradle/model/web/WebConfigurationBeanInfo> (0x000000075013cb00) 
thrown [c:\wsjdk\correttojdksrc\installers\windows\zip\corretto-build\buildroot\src\hotspot\share\classfile\systemDictionary.cpp, line 256]
Event: 127.833 Thread 0x000001f8b6134b10 Exception <a 'java/lang/ClassNotFoundException'{0x0000000750146458}: org/jetbrains/plugins/gradle/model/web/WebConfigurationCustomizer> (0x0000000750146458) 
thrown [c:\wsjdk\correttojdksrc\installers\windows\zip\corretto-build\buildroot\src\hotspot\share\classfile\systemDictionary.cpp, line 256]
Event: 128.002 Thread 0x000001f8b6134b10 Exception <a 'java/lang/ClassNotFoundException'{0x000000075016aa40}: org/jetbrains/plugins/gradle/model/scala/ScalaModelBeanInfo> (0x000000075016aa40) 
thrown [c:\wsjdk\correttojdksrc\installers\windows\zip\corretto-build\buildroot\src\hotspot\share\classfile\systemDictionary.cpp, line 256]
Event: 128.006 Thread 0x000001f8b6134b10 Exception <a 'java/lang/ClassNotFoundException'{0x0000000750174318}: org/jetbrains/plugins/gradle/model/scala/ScalaModelCustomizer> (0x0000000750174318) 
thrown [c:\wsjdk\correttojdksrc\installers\windows\zip\corretto-build\buildroot\src\hotspot\share\classfile\systemDictionary.cpp, line 256]
Event: 129.412 Thread 0x000001f8b6132090 Exception <a 'java/lang/NoSuchMethodError'{0x000000074f2086b8}: static Lorg/gradle/tooling/internal/provider/PhasedBuildActionResult;.<clinit>()V> (0x000000074f2086b8) 
thrown [c:\wsjdk\correttojdksrc\installers\windows\zip\corretto-build\buildroot\src\hotspot\share\prims\jni.cpp, line 1210]
Event: 129.414 Thread 0x000001f8b6132090 Exception <a 'java/lang/NoSuchMethodError'{0x000000074f211c10}: static Lorg/gradle/tooling/internal/provider/serialization/SerializedPayload;.<clinit>()V> (0x000000074f211c10) 
thrown [c:\wsjdk\correttojdksrc\installers\windows\zip\corretto-build\buildroot\src\hotspot\share\prims\jni.cpp, line 1210]
Event: 129.417 Thread 0x000001f8b6132090 Exception <a 'java/lang/NoSuchMethodError'{0x000000074f219090}: static [B.<clinit>()V> (0x000000074f219090) 
thrown [c:\wsjdk\correttojdksrc\installers\windows\zip\corretto-build\buildroot\src\hotspot\share\prims\jni.cpp, line 1210]
Event: 133.876 Thread 0x000001f8b6134b10 Exception <a 'java/lang/NoSuchMethodError'{0x000000074a868e48}: 'java.lang.Object java.lang.invoke.DirectMethodHandle$Holder.newInvokeSpecial(java.lang.Object, java.lang.Object, java.lang.Object, int, java.lang.Object)'> (0x000000074a868e48) 
thrown [c:\wsjdk\correttojdksrc\installers\windows\zip\corretto-build\buildroot\src\hotspot\share\interpreter\linkResolver.cpp, line 790]
Event: 133.882 Thread 0x000001f8b6134b10 Exception <a 'java/lang/NoSuchMethodError'{0x000000074a8719d0}: 'java.lang.Object java.lang.invoke.Invokers$Holder.linkToTargetMethod(java.lang.Object, java.lang.Object, int, java.lang.Object, java.lang.Object)'> (0x000000074a8719d0) 
thrown [c:\wsjdk\correttojdksrc\installers\windows\zip\corretto-build\buildroot\src\hotspot\share\interpreter\linkResolver.cpp, line 790]
Event: 135.854 Thread 0x000001f8b6134b10 Exception <a 'sun/nio/fs/WindowsException'{0x0000000751cd5eb0}> (0x0000000751cd5eb0) 
thrown [c:\wsjdk\correttojdksrc\installers\windows\zip\corretto-build\buildroot\src\hotspot\share\prims\jni.cpp, line 579]

Events (20 events):
Event: 132.696 Executing  VM operation: Cleanup done
Event: 133.710 Executing  VM operation: Cleanup
Event: 133.710 Executing  VM operation: Cleanup done
Event: 133.868 loading class java/util/stream/SortedOps$SizedRefSortingSink
Event: 133.869 loading class java/util/stream/SortedOps$SizedRefSortingSink done
Event: 134.413 Executing  VM operation: G1CollectForAllocation
Event: 134.795 Executing  VM operation: G1CollectForAllocation done
Event: 135.797 Executing  VM operation: Cleanup
Event: 135.811 Executing  VM operation: Cleanup done
Event: 136.817 Executing  VM operation: Cleanup
Event: 137.029 Executing  VM operation: Cleanup done
Event: 138.035 Executing  VM operation: Cleanup
Event: 138.053 Executing  VM operation: Cleanup done
Event: 138.378 Executing  VM operation: G1CollectForAllocation
Event: 138.978 Executing  VM operation: G1CollectForAllocation done
Event: 138.988 Executing  VM operation: G1CollectForAllocation
Event: 139.447 Executing  VM operation: G1CollectForAllocation done
Event: 139.908 Executing  VM operation: G1CollectForAllocation
Event: 139.942 Executing  VM operation: G1CollectForAllocation done
Event: 139.985 Executing  VM operation: G1CollectForAllocation


Dynamic libraries:
0x00007ff6c56d0000 - 0x00007ff6c56dd000 	C:\Users\bryen\.jdks\corretto-16.0.2\bin\java.exe
0x00007ffc4eab0000 - 0x00007ffc4eca5000 	C:\windows\SYSTEM32\ntdll.dll
0x00007ffc4d270000 - 0x00007ffc4d32e000 	C:\windows\System32\KERNEL32.DLL
0x00007ffc4c1d0000 - 0x00007ffc4c499000 	C:\windows\System32\KERNELBASE.dll
0x00007ffc4c5b0000 - 0x00007ffc4c6b0000 	C:\windows\System32\ucrtbase.dll
0x00007ffc28cc0000 - 0x00007ffc28cd8000 	C:\Users\bryen\.jdks\corretto-16.0.2\bin\jli.dll
0x00007ffc4d470000 - 0x00007ffc4d611000 	C:\windows\System32\USER32.dll
0x00007ffc4c990000 - 0x00007ffc4c9b2000 	C:\windows\System32\win32u.dll
0x00007ffc4e6e0000 - 0x00007ffc4e70b000 	C:\windows\System32\GDI32.dll
0x00007ffc4c4a0000 - 0x00007ffc4c5ab000 	C:\windows\System32\gdi32full.dll
0x00007ffc4c6b0000 - 0x00007ffc4c74d000 	C:\windows\System32\msvcp_win.dll
0x00007ffc28ca0000 - 0x00007ffc28cb5000 	C:\Users\bryen\.jdks\corretto-16.0.2\bin\VCRUNTIME140.dll
0x00007ffc36600000 - 0x00007ffc3689a000 	C:\windows\WinSxS\amd64_microsoft.windows.common-controls_6595b64144ccf1df_6.0.19041.1110_none_60b5254171f9507e\COMCTL32.dll
0x00007ffc4dff0000 - 0x00007ffc4e08e000 	C:\windows\System32\msvcrt.dll
0x00007ffc4cd50000 - 0x00007ffc4cd80000 	C:\windows\System32\IMM32.DLL
0x00007ffc1a350000 - 0x00007ffc1a3eb000 	C:\Users\bryen\.jdks\corretto-16.0.2\bin\msvcp140.dll
0x00007ffbdb930000 - 0x00007ffbdc539000 	C:\Users\bryen\.jdks\corretto-16.0.2\bin\server\jvm.dll
0x00007ffc4d3c0000 - 0x00007ffc4d46c000 	C:\windows\System32\ADVAPI32.dll
0x00007ffc4ddc0000 - 0x00007ffc4de5b000 	C:\windows\System32\sechost.dll
0x00007ffc4de60000 - 0x00007ffc4df8a000 	C:\windows\System32\RPCRT4.dll
0x00007ffc4d3b0000 - 0x00007ffc4d3b8000 	C:\windows\System32\PSAPI.DLL
0x00007ffc46cb0000 - 0x00007ffc46cb9000 	C:\windows\SYSTEM32\WSOCK32.dll
0x00007ffc4e580000 - 0x00007ffc4e5eb000 	C:\windows\System32\WS2_32.dll
0x00007ffc43d80000 - 0x00007ffc43da7000 	C:\windows\SYSTEM32\WINMM.dll
0x00007ffc43d70000 - 0x00007ffc43d7a000 	C:\windows\SYSTEM32\VERSION.dll
0x00007ffc4a0d0000 - 0x00007ffc4a0e2000 	C:\windows\SYSTEM32\kernel.appcore.dll
0x00007ffc49a10000 - 0x00007ffc49a1a000 	C:\Users\bryen\.jdks\corretto-16.0.2\bin\jimage.dll
0x00007ffc382a0000 - 0x00007ffc38484000 	C:\windows\SYSTEM32\DBGHELP.DLL
0x00007ffc30930000 - 0x00007ffc3095c000 	C:\windows\SYSTEM32\dbgcore.DLL
0x00007ffc4c900000 - 0x00007ffc4c983000 	C:\windows\System32\bcryptPrimitives.dll
0x00007ffc22ac0000 - 0x00007ffc22ae5000 	C:\Users\bryen\.jdks\corretto-16.0.2\bin\java.dll
0x00007ffc4d680000 - 0x00007ffc4ddbf000 	C:\windows\System32\SHELL32.dll
0x00007ffc4a2d0000 - 0x00007ffc4aa60000 	C:\windows\SYSTEM32\windows.storage.dll
0x00007ffc4ce60000 - 0x00007ffc4d1b5000 	C:\windows\System32\combase.dll
0x00007ffc4bb50000 - 0x00007ffc4bb7c000 	C:\windows\SYSTEM32\Wldp.dll
0x00007ffc4cb00000 - 0x00007ffc4cbad000 	C:\windows\System32\SHCORE.dll
0x00007ffc4d620000 - 0x00007ffc4d675000 	C:\windows\System32\shlwapi.dll
0x00007ffc4c110000 - 0x00007ffc4c12f000 	C:\windows\SYSTEM32\profapi.dll
0x00007ffc28c40000 - 0x00007ffc28c59000 	C:\Users\bryen\.jdks\corretto-16.0.2\bin\net.dll
0x00007ffc361b0000 - 0x00007ffc362b8000 	C:\windows\SYSTEM32\WINHTTP.dll
0x00007ffc4b8b0000 - 0x00007ffc4b91a000 	C:\windows\system32\mswsock.dll
0x00007ffc21630000 - 0x00007ffc21643000 	C:\Users\bryen\.jdks\corretto-16.0.2\bin\nio.dll
0x00007ffc21610000 - 0x00007ffc21628000 	C:\Users\bryen\.jdks\corretto-16.0.2\bin\zip.dll
0x00007ffc45080000 - 0x00007ffc45090000 	C:\Users\bryen\.jdks\corretto-16.0.2\bin\verify.dll
0x00007ffc49a20000 - 0x00007ffc49a47000 	C:\Users\bryen\.gradle\native\8bec1ad78214c89d9ad589b4d07fe93259594b29d510b10fafb7a158f7737e5d\windows-amd64\native-platform.dll
0x00007ffc19f20000 - 0x00007ffc1a05d000 	C:\Users\bryen\.gradle\native\53dbd7edfb1c66fb8903c78663c9afc45aea4f116125fa6feffd364cf09443e8\windows-amd64\native-platform-file-events.dll
0x00007ffc44f30000 - 0x00007ffc44f39000 	C:\Users\bryen\.jdks\corretto-16.0.2\bin\management.dll
0x00007ffc43d40000 - 0x00007ffc43d4b000 	C:\Users\bryen\.jdks\corretto-16.0.2\bin\management_ext.dll
0x00007ffc4baa0000 - 0x00007ffc4bab8000 	C:\windows\SYSTEM32\CRYPTSP.dll
0x00007ffc4b230000 - 0x00007ffc4b264000 	C:\windows\system32\rsaenh.dll
0x00007ffc4ca70000 - 0x00007ffc4ca97000 	C:\windows\System32\bcrypt.dll
0x00007ffc4c0d0000 - 0x00007ffc4c0fe000 	C:\windows\SYSTEM32\USERENV.dll
0x00007ffc4bac0000 - 0x00007ffc4bacc000 	C:\windows\SYSTEM32\CRYPTBASE.dll
0x00007ffc4b5a0000 - 0x00007ffc4b5db000 	C:\windows\SYSTEM32\IPHLPAPI.DLL
0x00007ffc4e090000 - 0x00007ffc4e098000 	C:\windows\System32\NSI.dll
0x00007ffc41cd0000 - 0x00007ffc41ce7000 	C:\windows\SYSTEM32\dhcpcsvc6.DLL
0x00007ffc41cb0000 - 0x00007ffc41ccd000 	C:\windows\SYSTEM32\dhcpcsvc.DLL
0x00007ffc4b5e0000 - 0x00007ffc4b6ac000 	C:\windows\SYSTEM32\DNSAPI.dll
0x00007ffc3c350000 - 0x00007ffc3c35e000 	C:\Users\bryen\.jdks\corretto-16.0.2\bin\sunmscapi.dll
0x00007ffc4c7a0000 - 0x00007ffc4c8f6000 	C:\windows\System32\CRYPT32.dll
0x00007ffc4bbc0000 - 0x00007ffc4bbe7000 	C:\windows\SYSTEM32\ncrypt.dll
0x00007ffc4bb80000 - 0x00007ffc4bbbb000 	C:\windows\SYSTEM32\NTASN1.dll
0x00007ffc398b0000 - 0x00007ffc398b7000 	C:\windows\system32\wshunix.dll
0x00007ffc33e40000 - 0x00007ffc33e4a000 	C:\Windows\System32\rasadhlp.dll
0x00007ffc33e80000 - 0x00007ffc33eff000 	C:\windows\System32\fwpuclnt.dll

dbghelp: loaded successfully - version: 4.0.5 - missing functions: none
symbol engine: initialized successfully - sym options: 0x614 - pdb path: .;C:\Users\bryen\.jdks\corretto-16.0.2\bin;C:\windows\SYSTEM32;C:\windows\WinSxS\amd64_microsoft.windows.common-controls_6595b64144ccf1df_6.0.19041.1110_none_60b5254171f9507e;C:\Users\bryen\.jdks\corretto-16.0.2\bin\server;C:\Users\bryen\.gradle\native\8bec1ad78214c89d9ad589b4d07fe93259594b29d510b10fafb7a158f7737e5d\windows-amd64;C:\Users\bryen\.gradle\native\53dbd7edfb1c66fb8903c78663c9afc45aea4f116125fa6feffd364cf09443e8\windows-amd64

VM Arguments:
jvm_args: --add-opens=java.base/java.util=ALL-UNNAMED --add-opens=java.base/java.lang=ALL-UNNAMED --add-opens=java.base/java.lang.invoke=ALL-UNNAMED --add-opens=java.base/java.util=ALL-UNNAMED --add-opens=java.prefs/java.util.prefs=ALL-UNNAMED --add-opens=java.prefs/java.util.prefs=ALL-UNNAMED --add-opens=java.base/java.nio.charset=ALL-UNNAMED --add-opens=java.base/java.net=ALL-UNNAMED --add-opens=java.base/java.util.concurrent.atomic=ALL-UNNAMED -Xmx3G -Dfile.encoding=windows-1252 -Duser.country=US -Duser.language=en -Duser.variant 
java_command: org.gradle.launcher.daemon.bootstrap.GradleDaemon 7.1.1
java_class_path (initial): C:\Users\bryen\.gradle\wrapper\dists\gradle-7.1.1-bin\f29rtwfnc96ub43tt7p47zsru\gradle-7.1.1\lib\gradle-launcher-7.1.1.jar
Launcher Type: SUN_STANDARD

[Global flags]
     intx CICompilerCount                          = 2                                         {product} {ergonomic}
     uint ConcGCThreads                            = 1                                         {product} {ergonomic}
     uint G1ConcRefinementThreads                  = 2                                         {product} {ergonomic}
   size_t G1HeapRegionSize                         = 2097152                                   {product} {ergonomic}
    uintx GCDrainStackTargetSize                   = 64                                        {product} {ergonomic}
   size_t InitialHeapSize                          = 58720256                                  {product} {ergonomic}
   size_t MarkStackSize                            = 4194304                                   {product} {ergonomic}
   size_t MaxHeapSize                              = 3221225472                                {product} {command line}
   size_t MaxNewSize                               = 1931476992                                {product} {ergonomic}
   size_t MinHeapDeltaBytes                        = 2097152                                   {product} {ergonomic}
   size_t MinHeapSize                              = 8388608                                   {product} {ergonomic}
    uintx NonNMethodCodeHeapSize                   = 5826188                                {pd product} {ergonomic}
    uintx NonProfiledCodeHeapSize                  = 122916026                              {pd product} {ergonomic}
    uintx ProfiledCodeHeapSize                     = 122916026                              {pd product} {ergonomic}
    uintx ReservedCodeCacheSize                    = 251658240                              {pd product} {ergonomic}
     bool SegmentedCodeCache                       = true                                      {product} {ergonomic}
   size_t SoftMaxHeapSize                          = 3221225472                             {manageable} {ergonomic}
     bool UseCompressedClassPointers               = true                           {product lp64_product} {ergonomic}
     bool UseCompressedOops                        = true                           {product lp64_product} {ergonomic}
     bool UseG1GC                                  = true                                      {product} {ergonomic}
     bool UseLargePagesIndividualAllocation        = false                                  {pd product} {ergonomic}

Logging:
Log output configuration:
 #0: stdout all=warning uptime,level,tags
 #1: stderr all=off uptime,level,tags

Environment Variables:
PATH=C:\Program Files\Common Files\Oracle\Java\javapath;C:\Program Files (x86)\Common Files\Oracle\Java\javapath;C:\windows\system32;C:\windows;C:\windows\System32\Wbem;C:\windows\System32\WindowsPowerShell\v1.0\;C:\windows\System32\OpenSSH\;C:\Users\bryen\AppData\Local\Microsoft\WindowsApps;;C:\Users\bryen\AppData\Local\Programs\Microsoft VS Code\bin
USERNAME=bryen
OS=Windows_NT
PROCESSOR_IDENTIFIER=AMD64 Family 23 Model 24 Stepping 1, AuthenticAMD



---------------  S Y S T E M  ---------------

OS:
 Windows 10 , 64 bit Build 19041 (10.0.19041.1202)
OS uptime: 6 days 22:38 hours

CPU: total 2 (initial active 2) (2 cores per cpu, 1 threads per core) family 23 model 24 stepping 1 microcode 0x0, cx8, cmov, fxsr, mmx, 3dnowpref, sse, sse2, sse3, ssse3, sse4a, sse4.1, sse4.2, popcnt, lzcnt, tsc, tscinvbit, avx, avx2, aes, clmul, bmi1, bmi2, adx, sha, fma, vzeroupper, clflush, clflushopt

Memory: 4k page, system-wide physical 3500M (315M free)
TotalPageFile size 11490M (AvailPageFile size 344M)
current process WorkingSet (physical memory assigned to process): 406M, peak: 406M
current process commit charge ("private bytes"): 594M, peak: 1294M

vm_info: OpenJDK 64-Bit Server VM (16.0.2+7) for windows-amd64 JRE (16.0.2+7), built on Jul 22 2021 01:11:46 by "Administrator" with MS VC++ 15.9 (VS2017)

END.
